2021-03-25 19:01:49.420  INFO 6408 --- [main] c.s.jsonbourne.DigibookyApplication      : Starting DigibookyApplication using Java 15.0.2 on DESKTOP-OTMCK2N with PID 6408 (C:\Users\Jeroen\Documents\_Development\.projects\digibooky\digibooky-json-bourne\application\target\classes started by Jeroen in C:\Users\Jeroen\Documents\_Development\.projects\digibooky\digibooky-json-bourne)
2021-03-25 19:01:49.420  INFO 6408 --- [main] c.s.jsonbourne.DigibookyApplication      : No active profile set, falling back to default profiles: default
2021-03-25 19:01:50.140  INFO 6408 --- [main] o.s.b.w.embedded.tomcat.TomcatWebServer  : Tomcat initialized with port(s): 8080 (http)
2021-03-25 19:01:50.154  INFO 6408 --- [main] o.apache.catalina.core.StandardService   : Starting service [Tomcat]
2021-03-25 19:01:50.154  INFO 6408 --- [main] org.apache.catalina.core.StandardEngine  : Starting Servlet engine: [Apache Tomcat/9.0.43]
2021-03-25 19:01:50.209  INFO 6408 --- [main] o.a.c.c.C.[Tomcat].[localhost].[/]       : Initializing Spring embedded WebApplicationContext
2021-03-25 19:01:50.209  INFO 6408 --- [main] w.s.c.ServletWebServerApplicationContext : Root WebApplicationContext: initialization completed in 749 ms
2021-03-25 19:01:50.340  INFO 6408 --- [main] o.s.s.concurrent.ThreadPoolTaskExecutor  : Initializing ExecutorService 'applicationTaskExecutor'
2021-03-25 19:01:50.469  INFO 6408 --- [main] o.s.b.w.embedded.tomcat.TomcatWebServer  : Tomcat started on port(s): 8080 (http) with context path ''
2021-03-25 19:01:50.479  INFO 6408 --- [main] c.s.jsonbourne.DigibookyApplication      : Started DigibookyApplication in 1.401 seconds (JVM running for 2.164)
2021-03-25 19:02:33.342  INFO 6408 --- [http-nio-8080-exec-1] o.a.c.c.C.[Tomcat].[localhost].[/]       : Initializing Spring DispatcherServlet 'dispatcherServlet'
2021-03-25 19:02:33.342  INFO 6408 --- [http-nio-8080-exec-1] o.s.web.servlet.DispatcherServlet        : Initializing Servlet 'dispatcherServlet'
2021-03-25 19:02:33.342  INFO 6408 --- [http-nio-8080-exec-1] o.s.web.servlet.DispatcherServlet        : Completed initialization in 0 ms
2021-03-25 19:02:38.213  INFO 6408 --- [http-nio-8080-exec-2] c.s.j.api.controllers.BookController     : A user requested to get a list of all the books
2021-03-25 19:02:48.462  INFO 6408 --- [http-nio-8080-exec-5] c.s.j.api.controllers.BookController     : A user requested to get a list of all the books
2021-03-25 19:31:13.700  INFO 16700 --- [main] c.s.jsonbourne.DigibookyApplication      : Starting DigibookyApplication using Java 15.0.2 on DESKTOP-OTMCK2N with PID 16700 (C:\Users\Jeroen\Documents\_Development\.projects\digibooky\digibooky-json-bourne\application\target\classes started by Jeroen in C:\Users\Jeroen\Documents\_Development\.projects\digibooky\digibooky-json-bourne)
2021-03-25 19:31:13.702  INFO 16700 --- [main] c.s.jsonbourne.DigibookyApplication      : No active profile set, falling back to default profiles: default
2021-03-25 19:31:14.500  INFO 16700 --- [main] o.s.b.w.embedded.tomcat.TomcatWebServer  : Tomcat initialized with port(s): 8080 (http)
2021-03-25 19:31:14.508  INFO 16700 --- [main] o.apache.catalina.core.StandardService   : Starting service [Tomcat]
2021-03-25 19:31:14.508  INFO 16700 --- [main] org.apache.catalina.core.StandardEngine  : Starting Servlet engine: [Apache Tomcat/9.0.43]
2021-03-25 19:31:14.558  INFO 16700 --- [main] o.a.c.c.C.[Tomcat].[localhost].[/]       : Initializing Spring embedded WebApplicationContext
2021-03-25 19:31:14.559  INFO 16700 --- [main] w.s.c.ServletWebServerApplicationContext : Root WebApplicationContext: initialization completed in 825 ms
2021-03-25 19:31:14.693  INFO 16700 --- [main] o.s.s.concurrent.ThreadPoolTaskExecutor  : Initializing ExecutorService 'applicationTaskExecutor'
2021-03-25 19:31:14.830  INFO 16700 --- [main] o.s.b.w.embedded.tomcat.TomcatWebServer  : Tomcat started on port(s): 8080 (http) with context path ''
2021-03-25 19:31:14.838  INFO 16700 --- [main] c.s.jsonbourne.DigibookyApplication      : Started DigibookyApplication in 1.46 seconds (JVM running for 1.891)
2021-03-25 19:31:27.725  INFO 16700 --- [http-nio-8080-exec-1] o.a.c.c.C.[Tomcat].[localhost].[/]       : Initializing Spring DispatcherServlet 'dispatcherServlet'
2021-03-25 19:31:27.725  INFO 16700 --- [http-nio-8080-exec-1] o.s.web.servlet.DispatcherServlet        : Initializing Servlet 'dispatcherServlet'
2021-03-25 19:31:27.726  INFO 16700 --- [http-nio-8080-exec-1] o.s.web.servlet.DispatcherServlet        : Completed initialization in 1 ms
2021-03-25 19:31:27.740  INFO 16700 --- [http-nio-8080-exec-1] c.s.j.api.controllers.BookController     : A user requested to get a list of all the books
2021-03-25 19:36:33.057  INFO 13252 --- [main] c.s.jsonbourne.DigibookyApplication      : Starting DigibookyApplication using Java 15.0.2 on DESKTOP-OTMCK2N with PID 13252 (C:\Users\Jeroen\Documents\_Development\.projects\digibooky\digibooky-json-bourne\application\target\classes started by Jeroen in C:\Users\Jeroen\Documents\_Development\.projects\digibooky\digibooky-json-bourne)
2021-03-25 19:36:33.059  INFO 13252 --- [main] c.s.jsonbourne.DigibookyApplication      : No active profile set, falling back to default profiles: default
2021-03-25 19:36:33.711  INFO 13252 --- [main] o.s.b.w.embedded.tomcat.TomcatWebServer  : Tomcat initialized with port(s): 8080 (http)
2021-03-25 19:36:33.718  INFO 13252 --- [main] o.apache.catalina.core.StandardService   : Starting service [Tomcat]
2021-03-25 19:36:33.718  INFO 13252 --- [main] org.apache.catalina.core.StandardEngine  : Starting Servlet engine: [Apache Tomcat/9.0.43]
2021-03-25 19:36:33.768  INFO 13252 --- [main] o.a.c.c.C.[Tomcat].[localhost].[/]       : Initializing Spring embedded WebApplicationContext
2021-03-25 19:36:33.768  INFO 13252 --- [main] w.s.c.ServletWebServerApplicationContext : Root WebApplicationContext: initialization completed in 677 ms
2021-03-25 19:36:33.908  INFO 13252 --- [main] o.s.s.concurrent.ThreadPoolTaskExecutor  : Initializing ExecutorService 'applicationTaskExecutor'
2021-03-25 19:36:34.041  INFO 13252 --- [main] o.s.b.w.embedded.tomcat.TomcatWebServer  : Tomcat started on port(s): 8080 (http) with context path ''
2021-03-25 19:36:34.048  INFO 13252 --- [main] c.s.jsonbourne.DigibookyApplication      : Started DigibookyApplication in 1.317 seconds (JVM running for 1.728)
2021-03-25 19:36:37.715  INFO 13252 --- [http-nio-8080-exec-3] o.a.c.c.C.[Tomcat].[localhost].[/]       : Initializing Spring DispatcherServlet 'dispatcherServlet'
2021-03-25 19:36:37.715  INFO 13252 --- [http-nio-8080-exec-3] o.s.web.servlet.DispatcherServlet        : Initializing Servlet 'dispatcherServlet'
2021-03-25 19:36:37.716  INFO 13252 --- [http-nio-8080-exec-3] o.s.web.servlet.DispatcherServlet        : Completed initialization in 1 ms
2021-03-25 19:36:37.782  INFO 13252 --- [http-nio-8080-exec-3] c.s.j.a.controllers.EmployeeController   : An admin tried to register a new librarian to the employee database
2021-03-25 19:37:19.326  INFO 13252 --- [http-nio-8080-exec-1] c.s.j.a.controllers.EmployeeController   : An admin tried to register a new librarian to the employee database
